<?xml version="1.0" encoding="UTF-8" ?>
<testsuite tests="65" failures="0" name="org.jsxm.program.PrescriptionJsxmAdapterTest" time="0.009" errors="0" skipped="0">
  <properties>
    <property name="java.runtime.name" value="Java(TM) SE Runtime Environment"/>
    <property name="sun.boot.library.path" value="C:\Program Files\Java\jdk-1.8\jre\bin"/>
    <property name="java.vm.version" value="25.421-b09"/>
    <property name="java.vm.vendor" value="Oracle Corporation"/>
    <property name="java.vendor.url" value="http://java.oracle.com/"/>
    <property name="path.separator" value=";"/>
    <property name="guice.disable.misplaced.annotation.check" value="true"/>
    <property name="java.vm.name" value="Java HotSpot(TM) 64-Bit Server VM"/>
    <property name="file.encoding.pkg" value="sun.io"/>
    <property name="user.script" value=""/>
    <property name="user.country" value="US"/>
    <property name="sun.java.launcher" value="SUN_STANDARD"/>
    <property name="sun.os.patch.level" value=""/>
    <property name="java.vm.specification.name" value="Java Virtual Machine Specification"/>
    <property name="user.dir" value="C:\Users\Rares\Desktop\VisitProgram"/>
    <property name="java.runtime.version" value="1.8.0_421-b09"/>
    <property name="java.awt.graphicsenv" value="sun.awt.Win32GraphicsEnvironment"/>
    <property name="java.endorsed.dirs" value="C:\Program Files\Java\jdk-1.8\jre\lib\endorsed"/>
    <property name="os.arch" value="amd64"/>
    <property name="java.io.tmpdir" value="C:\Users\Rares\AppData\Local\Temp\"/>
    <property name="line.separator" value="
"/>
    <property name="java.vm.specification.vendor" value="Oracle Corporation"/>
    <property name="user.variant" value=""/>
    <property name="os.name" value="Windows 11"/>
    <property name="classworlds.conf" value="C:\apache-maven-3.0.5-bin\apache-maven-3.0.5\bin\..\bin\m2.conf"/>
    <property name="sun.jnu.encoding" value="Cp1252"/>
    <property name="java.library.path" value="C:\Program Files\Java\jdk-1.8\bin;C:\WINDOWS\Sun\Java\bin;C:\WINDOWS\system32;C:\WINDOWS;C:\Program Files (x86)\Common Files\Oracle\Java\java8path;C:\Program Files (x86)\Common Files\Oracle\Java\javapath;C:\WINDOWS\system32;C:\WINDOWS;C:\WINDOWS\System32\Wbem;C:\WINDOWS\System32\WindowsPowerShell\v1.0\;C:\WINDOWS\System32\OpenSSH\;C:\ProgramData\chocolatey\bin;C:\Program Files\Git\cmd;C:\Program Files (x86)\Google\Cloud SDK\google-cloud-sdk\bin;C:\Program Files (x86)\Common Files\Java\Java Update;C:\apache-ant-1.10.12\bin;C:\Users\Rares\AppData\Roaming\nvm;C:\Program Files\nodejs;C:\Program Files\Git LFS;C:\Program Files\Microsoft SQL Server\Client SDK\ODBC\170\Tools\Binn\;C:\Program Files (x86)\Microsoft SQL Server\160\DTS\Binn\;C:\Program Files\Azure Data Studio\bin;C:\Program Files\MySQL\MySQL Server 8.1\bin;C:\Program Files\PostgreSQL\15\bin;C:\Program Files\NVIDIA Corporation\NVIDIA NvDLISR;C:\Program Files (x86)\NVIDIA Corporation\PhysX\Common;C:\Program Files\dotnet\;C:\Program Files (x86)\Windows Kits\10\Windows Performance Toolkit\;C:\Program Files (x86)\Microsoft SQL Server\160\Tools\Binn\;C:\Program Files\Microsoft SQL Server\160\Tools\Binn\;C:\Program Files\Microsoft SQL Server\160\DTS\Binn\;C:\Program Files\nodejs\;C:\WINDOWS\system32;C:\WINDOWS;C:\WINDOWS\System32\Wbem;C:\WINDOWS\System32\WindowsPowerShell\v1.0\;C:\WINDOWS\System32\OpenSSH\;C:\apache-maven-3.0.5-bin\apache-maven-3.0.5\bin;C:\apache-ant-1.10.15-bin\apache-ant-1.10.15\bin;C:\Program Files\Java\jdk1.7.0_80\bin;C:\Users\Rares\AppData\Local\Programs\Python\Python311\Scripts\;C:\Users\Rares\AppData\Local\Programs\Python\Python311\;C:\Users\Rares\AppData\Local\Microsoft\WindowsApps;C:\Users\Rares\AppData\Local\Programs\Microsoft VS Code\bin;C:\Program Files\sfdx\bin;C:\Program Files\Java\jdk-19;&quot;C:\Program Files\Java\jdk-1.8\bin;&quot;;&quot;C:\apache-ant-1.10.15-bin\apache-ant-1.10.15\bin;C:\apache-ant-1.10.12\bin;C:\Users\Rares\AppData\Roaming\nvm;C:\Program Files\nodejs;C:\Program Files\Azure Data Studio\bin&quot;;C:\MinGW\bin;C:\Program Files\nodejs;;C:\Program Files\JetBrains\DataGrip 2023.2.2\bin;;C:\Program Files\JetBrains\IntelliJ IDEA 2024.1.4\bin;;C:\Users\Rares\.dotnet\tools;C:\Program Files\JetBrains\CLion 2024.1.2\bin;;C:\Users\Rares\AppData\Roaming\npm;."/>
    <property name="java.specification.name" value="Java Platform API Specification"/>
    <property name="java.class.version" value="52.0"/>
    <property name="sun.management.compiler" value="HotSpot 64-Bit Tiered Compilers"/>
    <property name="os.version" value="10.0"/>
    <property name="user.home" value="C:\Users\Rares"/>
    <property name="user.timezone" value="Europe/Athens"/>
    <property name="java.awt.printerjob" value="sun.awt.windows.WPrinterJob"/>
    <property name="java.specification.version" value="1.8"/>
    <property name="file.encoding" value="Cp1252"/>
    <property name="user.name" value="Rares"/>
    <property name="java.class.path" value="C:\apache-maven-3.0.5-bin\apache-maven-3.0.5\bin\..\boot\plexus-classworlds-2.4.jar;C:\Users\Rares\Desktop\VisitProgram\target\temp\;C:\Users\Rares\.m2\repository\org\jsxm\jsxmcore\1.1.7\jsxmcore-1.1.7.jar;C:\Users\Rares\Desktop\VisitProgram\target\temp\;C:\Users\Rares\.m2\repository\org\jsxm\jsxmcore\1.1.7\jsxmcore-1.1.7.jar"/>
    <property name="java.vm.specification.version" value="1.8"/>
    <property name="sun.arch.data.model" value="64"/>
    <property name="java.home" value="C:\Program Files\Java\jdk-1.8\jre"/>
    <property name="sun.java.command" value="org.codehaus.plexus.classworlds.launcher.Launcher clean jsxm:generate test"/>
    <property name="java.specification.vendor" value="Oracle Corporation"/>
    <property name="user.language" value="en"/>
    <property name="awt.toolkit" value="sun.awt.windows.WToolkit"/>
    <property name="java.vm.info" value="mixed mode"/>
    <property name="java.version" value="1.8.0_421"/>
    <property name="java.ext.dirs" value="C:\Program Files\Java\jdk-1.8\jre\lib\ext;C:\WINDOWS\Sun\Java\lib\ext"/>
    <property name="sun.boot.class.path" value="C:\Program Files\Java\jdk-1.8\jre\lib\resources.jar;C:\Program Files\Java\jdk-1.8\jre\lib\rt.jar;C:\Program Files\Java\jdk-1.8\jre\lib\jsse.jar;C:\Program Files\Java\jdk-1.8\jre\lib\jce.jar;C:\Program Files\Java\jdk-1.8\jre\lib\charsets.jar;C:\Program Files\Java\jdk-1.8\jre\lib\jfr.jar;C:\Program Files\Java\jdk-1.8\jre\classes"/>
    <property name="sun.stderr.encoding" value="cp850"/>
    <property name="java.vendor" value="Oracle Corporation"/>
    <property name="java.specification.maintenance.version" value="5"/>
    <property name="maven.home" value="C:\apache-maven-3.0.5-bin\apache-maven-3.0.5\bin\.."/>
    <property name="file.separator" value="\"/>
    <property name="java.vendor.url.bug" value="http://bugreport.sun.com/bugreport/"/>
    <property name="sun.cpu.endian" value="little"/>
    <property name="sun.io.unicode.encoding" value="UnicodeLittle"/>
    <property name="sun.stdout.encoding" value="cp850"/>
    <property name="sun.desktop" value="windows"/>
    <property name="sun.cpu.isalist" value="amd64"/>
  </properties>
  <testcase classname="org.jsxm.program.PrescriptionJsxmAdapterTest" name="test_k2_31_close_getContent_getContent_addItem" time="0.006"/>
  <testcase classname="org.jsxm.program.PrescriptionJsxmAdapterTest" name="test_k2_44_close_getContent_use_isUsed" time="0"/>
  <testcase classname="org.jsxm.program.PrescriptionJsxmAdapterTest" name="test_k2_60_close_isUsed_use_use" time="0"/>
  <testcase classname="org.jsxm.program.PrescriptionJsxmAdapterTest" name="test_k2_43_close_getContent_use_getContent" time="0"/>
  <testcase classname="org.jsxm.program.PrescriptionJsxmAdapterTest" name="test_k2_28_close_use_isUsed_close" time="0"/>
  <testcase classname="org.jsxm.program.PrescriptionJsxmAdapterTest" name="test_k2_16_close_isUsed_close" time="0"/>
  <testcase classname="org.jsxm.program.PrescriptionJsxmAdapterTest" name="test_k2_33_close_getContent_getContent_getContent" time="0"/>
  <testcase classname="org.jsxm.program.PrescriptionJsxmAdapterTest" name="test_k2_7_addItem_isUsed" time="0"/>
  <testcase classname="org.jsxm.program.PrescriptionJsxmAdapterTest" name="test_k2_2_isUsed" time="0"/>
  <testcase classname="org.jsxm.program.PrescriptionJsxmAdapterTest" name="test_k2_64_close_use_isUsed_isUsed_isUsed" time="0"/>
  <testcase classname="org.jsxm.program.PrescriptionJsxmAdapterTest" name="test_k2_11_close_use_getContent" time="0"/>
  <testcase classname="org.jsxm.program.PrescriptionJsxmAdapterTest" name="test_k2_25_addItem_close_isUsed" time="0"/>
  <testcase classname="org.jsxm.program.PrescriptionJsxmAdapterTest" name="test_k2_14_close_getContent_close" time="0"/>
  <testcase classname="org.jsxm.program.PrescriptionJsxmAdapterTest" name="test_k2_58_close_isUsed_use_getContent" time="0"/>
  <testcase classname="org.jsxm.program.PrescriptionJsxmAdapterTest" name="test_k2_26_addItem_close_use" time="0.001"/>
  <testcase classname="org.jsxm.program.PrescriptionJsxmAdapterTest" name="test_k2_27_close_use_isUsed_addItem" time="0"/>
  <testcase classname="org.jsxm.program.PrescriptionJsxmAdapterTest" name="test_k2_65_close_use_isUsed_isUsed_use" time="0"/>
  <testcase classname="org.jsxm.program.PrescriptionJsxmAdapterTest" name="test_k2_38_close_getContent_isUsed_getContent" time="0"/>
  <testcase classname="org.jsxm.program.PrescriptionJsxmAdapterTest" name="test_k2_57_close_isUsed_use_close" time="0"/>
  <testcase classname="org.jsxm.program.PrescriptionJsxmAdapterTest" name="test_k2_59_close_isUsed_use_isUsed" time="0"/>
  <testcase classname="org.jsxm.program.PrescriptionJsxmAdapterTest" name="test_k2_4_close_addItem" time="0"/>
  <testcase classname="org.jsxm.program.PrescriptionJsxmAdapterTest" name="test_k2_54_close_isUsed_isUsed_isUsed" time="0"/>
  <testcase classname="org.jsxm.program.PrescriptionJsxmAdapterTest" name="test_k2_39_close_getContent_isUsed_isUsed" time="0"/>
  <testcase classname="org.jsxm.program.PrescriptionJsxmAdapterTest" name="test_k2_42_close_getContent_use_close" time="0"/>
  <testcase classname="org.jsxm.program.PrescriptionJsxmAdapterTest" name="test_k2_21_addItem_addItem_use" time="0"/>
  <testcase classname="org.jsxm.program.PrescriptionJsxmAdapterTest" name="test_k2_18_addItem_addItem_close" time="0"/>
  <testcase classname="org.jsxm.program.PrescriptionJsxmAdapterTest" name="test_k2_45_close_getContent_use_use" time="0.001"/>
  <testcase classname="org.jsxm.program.PrescriptionJsxmAdapterTest" name="test_k2_37_close_getContent_isUsed_close" time="0"/>
  <testcase classname="org.jsxm.program.PrescriptionJsxmAdapterTest" name="test_k2_35_close_getContent_getContent_use" time="0"/>
  <testcase classname="org.jsxm.program.PrescriptionJsxmAdapterTest" name="test_k2_53_close_isUsed_isUsed_getContent" time="0"/>
  <testcase classname="org.jsxm.program.PrescriptionJsxmAdapterTest" name="test_k2_41_close_getContent_use_addItem" time="0"/>
  <testcase classname="org.jsxm.program.PrescriptionJsxmAdapterTest" name="test_k2_55_close_isUsed_isUsed_use" time="0"/>
  <testcase classname="org.jsxm.program.PrescriptionJsxmAdapterTest" name="test_k2_48_close_isUsed_getContent_getContent" time="0"/>
  <testcase classname="org.jsxm.program.PrescriptionJsxmAdapterTest" name="test_k2_13_close_getContent_addItem" time="0"/>
  <testcase classname="org.jsxm.program.PrescriptionJsxmAdapterTest" name="test_k2_56_close_isUsed_use_addItem" time="0"/>
  <testcase classname="org.jsxm.program.PrescriptionJsxmAdapterTest" name="test_k2_40_close_getContent_isUsed_use" time="0"/>
  <testcase classname="org.jsxm.program.PrescriptionJsxmAdapterTest" name="test_k2_1_getContent" time="0"/>
  <testcase classname="org.jsxm.program.PrescriptionJsxmAdapterTest" name="test_k2_30_close_use_isUsed_use" time="0"/>
  <testcase classname="org.jsxm.program.PrescriptionJsxmAdapterTest" name="test_k2_50_close_isUsed_getContent_use" time="0"/>
  <testcase classname="org.jsxm.program.PrescriptionJsxmAdapterTest" name="test_k2_23_addItem_close_close" time="0"/>
  <testcase classname="org.jsxm.program.PrescriptionJsxmAdapterTest" name="test_k2_49_close_isUsed_getContent_isUsed" time="0"/>
  <testcase classname="org.jsxm.program.PrescriptionJsxmAdapterTest" name="test_k2_3_use" time="0"/>
  <testcase classname="org.jsxm.program.PrescriptionJsxmAdapterTest" name="test_k2_29_close_use_isUsed_getContent" time="0"/>
  <testcase classname="org.jsxm.program.PrescriptionJsxmAdapterTest" name="test_k2_22_addItem_close_addItem" time="0"/>
  <testcase classname="org.jsxm.program.PrescriptionJsxmAdapterTest" name="test_k2_12_close_use_use" time="0"/>
  <testcase classname="org.jsxm.program.PrescriptionJsxmAdapterTest" name="test_k2_52_close_isUsed_isUsed_close" time="0"/>
  <testcase classname="org.jsxm.program.PrescriptionJsxmAdapterTest" name="test_k2_47_close_isUsed_getContent_close" time="0"/>
  <testcase classname="org.jsxm.program.PrescriptionJsxmAdapterTest" name="test_k2_20_addItem_addItem_isUsed" time="0.001"/>
  <testcase classname="org.jsxm.program.PrescriptionJsxmAdapterTest" name="test_k2_8_addItem_use" time="0"/>
  <testcase classname="org.jsxm.program.PrescriptionJsxmAdapterTest" name="test_k2_61_close_use_isUsed_isUsed_addItem" time="0"/>
  <testcase classname="org.jsxm.program.PrescriptionJsxmAdapterTest" name="test_k2_10_close_use_close" time="0"/>
  <testcase classname="org.jsxm.program.PrescriptionJsxmAdapterTest" name="test_k2_51_close_isUsed_isUsed_addItem" time="0"/>
  <testcase classname="org.jsxm.program.PrescriptionJsxmAdapterTest" name="test_k2_6_addItem_getContent" time="0"/>
  <testcase classname="org.jsxm.program.PrescriptionJsxmAdapterTest" name="test_k2_63_close_use_isUsed_isUsed_getContent" time="0"/>
  <testcase classname="org.jsxm.program.PrescriptionJsxmAdapterTest" name="test_k2_24_addItem_close_getContent" time="0"/>
  <testcase classname="org.jsxm.program.PrescriptionJsxmAdapterTest" name="test_k2_32_close_getContent_getContent_close" time="0"/>
  <testcase classname="org.jsxm.program.PrescriptionJsxmAdapterTest" name="test_k2_19_addItem_addItem_getContent" time="0"/>
  <testcase classname="org.jsxm.program.PrescriptionJsxmAdapterTest" name="test_k2_34_close_getContent_getContent_isUsed" time="0"/>
  <testcase classname="org.jsxm.program.PrescriptionJsxmAdapterTest" name="test_k2_17_addItem_addItem_addItem" time="0"/>
  <testcase classname="org.jsxm.program.PrescriptionJsxmAdapterTest" name="test_k2_62_close_use_isUsed_isUsed_close" time="0"/>
  <testcase classname="org.jsxm.program.PrescriptionJsxmAdapterTest" name="test_k2_36_close_getContent_isUsed_addItem" time="0"/>
  <testcase classname="org.jsxm.program.PrescriptionJsxmAdapterTest" name="test_k2_15_close_isUsed_addItem" time="0"/>
  <testcase classname="org.jsxm.program.PrescriptionJsxmAdapterTest" name="test_k2_5_close_close" time="0"/>
  <testcase classname="org.jsxm.program.PrescriptionJsxmAdapterTest" name="test_k2_9_close_use_addItem" time="0"/>
  <testcase classname="org.jsxm.program.PrescriptionJsxmAdapterTest" name="test_k2_46_close_isUsed_getContent_addItem" time="0"/>
</testsuite>